<?xml version="1.0" encoding="UTF-8"?>
<!-- Generated by org.testng.reporters.JUnitReportReporter -->
<testsuite hostname="shannus-MacBook-Pro.local" failures="0" tests="1" name="Manipal.OrangeHRM.ReportTo" time="16.934" errors="0" timestamp="2024-02-29T21:51:13 IST" skipped="0">
  <testcase classname="Manipal.OrangeHRM.ReportTo" name="reportmethod" time="16.934"/>
  <system-out/>
</testsuite> <!-- Manipal.OrangeHRM.ReportTo -->
