<?xml version="1.0" encoding="UTF-8"?>
<!-- Generated by org.testng.reporters.JUnitReportReporter -->
<testsuite hostname="shannus-MacBook-Pro.local" failures="0" tests="1" name="Manipal.OrangeHRM.Job" time="16.735" errors="0" timestamp="2024-02-29T21:50:27 IST" skipped="0">
  <testcase classname="Manipal.OrangeHRM.Job" name="Jobmethod" time="16.735"/>
  <system-out/>
</testsuite> <!-- Manipal.OrangeHRM.Job -->
