<?xml version="1.0" encoding="UTF-8"?>
<!-- Generated by org.testng.reporters.JUnitReportReporter -->
<testsuite hostname="shannus-MacBook-Pro.local" failures="0" tests="1" name="Manipal.OrangeHRM.LoginPortal" time="12.944" errors="0" timestamp="2024-02-29T11:24:38 IST" skipped="0">
  <testcase classname="Manipal.OrangeHRM.LoginPortal" name="LoginPortalmethod" time="12.944"/>
  <system-out/>
</testsuite> <!-- Manipal.OrangeHRM.LoginPortal -->
