<?xml version="1.0" encoding="UTF-8"?>
<!-- Generated by org.testng.reporters.JUnitReportReporter -->
<testsuite hostname="shannus-MacBook-Pro.local" failures="0" tests="1" name="Manipal.OrangeHRM.Salary" time="17.001" errors="0" timestamp="2024-02-29T21:49:23 IST" skipped="0">
  <testcase classname="Manipal.OrangeHRM.Salary" name="SalaryMethod" time="17.001"/>
  <system-out/>
</testsuite> <!-- Manipal.OrangeHRM.Salary -->
