<?xml version="1.0" encoding="UTF-8"?>
<!-- Generated by org.testng.reporters.JUnitReportReporter -->
<testsuite hostname="shannus-MacBook-Pro.local" failures="0" tests="1" name="Manipal.OrangeHRM.Immigration" time="20.498" errors="0" timestamp="2024-02-29T22:41:41 IST" skipped="0">
  <testcase classname="Manipal.OrangeHRM.Immigration" name="Immigrationmethod" time="20.498"/>
  <system-out/>
</testsuite> <!-- Manipal.OrangeHRM.Immigration -->
